Jan-05 14:31:52.618 [main] DEBUG nextflow.cli.Launcher - $> nextflow run main.nf --input_type de_tables --de_tables sample_input/de_duct_vs_gut.csv,sample_input/de_node_vs_duct.csv --input_dir sample_input
Jan-05 14:31:52.675 [main] DEBUG nextflow.cli.CmdRun - N E X T F L O W  ~  version 25.04.7
Jan-05 14:31:52.690 [main] DEBUG nextflow.plugin.PluginsFacade - Setting up plugin manager > mode=prod; embedded=false; plugins-dir=/Users/ritupam/.nextflow/plugins; core-plugins: nf-amazon@2.15.0-patch1,nf-azure@1.16.0-patch1,nf-cloudcache@0.4.3,nf-codecommit@0.2.3,nf-console@1.2.1,nf-google@1.21.1,nf-k8s@1.0.0,nf-tower@1.11.4-patch1,nf-wave@1.12.1
Jan-05 14:31:52.707 [main] INFO  o.pf4j.DefaultPluginStatusProvider - Enabled plugins: []
Jan-05 14:31:52.707 [main] INFO  o.pf4j.DefaultPluginStatusProvider - Disabled plugins: []
Jan-05 14:31:52.709 [main] INFO  org.pf4j.DefaultPluginManager - PF4J version 3.12.0 in 'deployment' mode
Jan-05 14:31:52.717 [main] INFO  org.pf4j.AbstractPluginManager - No plugins
Jan-05 14:31:52.729 [main] DEBUG nextflow.config.ConfigBuilder - Found config local: /Users/ritupam/Desktop/2_Rexploration_alpha/nextflow.config
Jan-05 14:31:52.731 [main] DEBUG nextflow.config.ConfigBuilder - Parsing config file: /Users/ritupam/Desktop/2_Rexploration_alpha/nextflow.config
Jan-05 14:31:52.750 [main] DEBUG n.secret.LocalSecretsProvider - Secrets store: /Users/ritupam/.nextflow/secrets/store.json
Jan-05 14:31:52.752 [main] DEBUG nextflow.secret.SecretsLoader - Discovered secrets providers: [nextflow.secret.LocalSecretsProvider@453d496b] - activable => nextflow.secret.LocalSecretsProvider@453d496b
Jan-05 14:31:52.760 [main] DEBUG nextflow.config.ConfigBuilder - Applying config profile: `standard`
Jan-05 14:31:53.030 [main] DEBUG nextflow.cli.CmdRun - Applied DSL=2 from script declaration
Jan-05 14:31:53.039 [main] DEBUG nextflow.cli.CmdRun - Launching `main.nf` [insane_mclean] DSL2 - revision: b8d09fa8d5
Jan-05 14:31:53.040 [main] DEBUG nextflow.plugin.PluginsFacade - Plugins default=[]
Jan-05 14:31:53.040 [main] DEBUG nextflow.plugin.PluginsFacade - Plugins resolved requirement=[]
Jan-05 14:31:53.076 [main] DEBUG nextflow.Session - Session UUID: 7ff28f45-75af-4552-a890-dc9e4f4df3b8
Jan-05 14:31:53.076 [main] DEBUG nextflow.Session - Run name: insane_mclean
Jan-05 14:31:53.077 [main] DEBUG nextflow.Session - Executor pool size: 10
Jan-05 14:31:53.082 [main] DEBUG nextflow.file.FilePorter - File porter settings maxRetries=3; maxTransfers=50; pollTimeout=null
Jan-05 14:31:53.087 [main] DEBUG nextflow.util.ThreadPoolBuilder - Creating thread pool 'FileTransfer' minSize=10; maxSize=30; workQueue=LinkedBlockingQueue[-1]; allowCoreThreadTimeout=false
Jan-05 14:31:53.108 [main] DEBUG nextflow.cli.CmdRun - 
  Version: 25.04.7 build 5955
  Created: 08-09-2025 13:29 UTC (18:59 IDT)
  System: Mac OS X 26.3
  Runtime: Groovy 4.0.26 on OpenJDK 64-Bit Server VM 17.0.10+7
  Encoding: UTF-8 (UTF-8)
  Process: 6338@Ritupams-MacBook-Pro.local [127.0.0.1]
  CPUs: 10 - Mem: 16 GB (491.6 MB) - Swap: 3 GB (1.3 GB)
Jan-05 14:31:53.119 [main] DEBUG nextflow.Session - Work-dir: /Users/ritupam/Desktop/2_Rexploration_alpha/work [Mac OS X]
Jan-05 14:31:53.119 [main] DEBUG nextflow.Session - Script base path does not exist or is not a directory: /Users/ritupam/Desktop/2_Rexploration_alpha/bin
Jan-05 14:31:53.125 [main] DEBUG nextflow.executor.ExecutorFactory - Extension executors providers=[]
Jan-05 14:31:53.131 [main] DEBUG nextflow.Session - Observer factory: DefaultObserverFactory
Jan-05 14:31:53.134 [main] DEBUG nextflow.Session - Observer factory (v2): LinObserverFactory
Jan-05 14:31:53.149 [main] DEBUG nextflow.cache.CacheFactory - Using Nextflow cache factory: nextflow.cache.DefaultCacheFactory
Jan-05 14:31:53.156 [main] DEBUG nextflow.util.CustomThreadPool - Creating default thread pool > poolSize: 11; maxThreads: 1000
Jan-05 14:31:53.194 [main] DEBUG nextflow.Session - Session start
Jan-05 14:31:53.354 [main] DEBUG nextflow.script.ScriptRunner - > Launching execution
Jan-05 14:31:53.420 [main] DEBUG nextflow.executor.ExecutorFactory - << taskConfig executor: local
Jan-05 14:31:53.420 [main] DEBUG nextflow.executor.ExecutorFactory - >> processorType: 'local'
Jan-05 14:31:53.424 [main] DEBUG nextflow.executor.Executor - [warm up] executor > local
Jan-05 14:31:53.427 [main] DEBUG n.processor.LocalPollingMonitor - Creating local task monitor for executor 'local' > cpus=10; memory=16 GB; capacity=10; pollInterval=100ms; dumpInterval=5m
Jan-05 14:31:53.428 [main] DEBUG n.processor.TaskPollingMonitor - >>> barrier register (monitor: local)
Jan-05 14:31:53.444 [main] DEBUG nextflow.processor.TaskProcessor - Creating process 'DESEQ2_ANALYSIS': maxForks=0; fair=false; array=0
Jan-05 14:31:53.475 [main] DEBUG nextflow.Session - Workflow process names [dsl2]: DESEQ2_ANALYSIS
Jan-05 14:31:53.476 [main] DEBUG nextflow.Session - Igniting dataflow network (1)
Jan-05 14:31:53.477 [main] DEBUG nextflow.processor.TaskProcessor - Starting process > DESEQ2_ANALYSIS
Jan-05 14:31:53.477 [main] DEBUG nextflow.script.ScriptRunner - Parsed script files:
  Script_715d954d89058d78: /Users/ritupam/Desktop/2_Rexploration_alpha/main.nf
Jan-05 14:31:53.477 [main] DEBUG nextflow.script.ScriptRunner - > Awaiting termination 
Jan-05 14:31:53.477 [main] DEBUG nextflow.Session - Session await
Jan-05 14:31:53.586 [Task submitter] DEBUG n.executor.local.LocalTaskHandler - Launch cmd line: /bin/bash -ue .command.run
Jan-05 14:31:53.588 [Task submitter] INFO  nextflow.Session - [3a/d145b3] Submitted process > DESEQ2_ANALYSIS (deseq2)
